[1910月2025 20:13:27.941] [main/INFO] [cpw.mods.modlauncher.Launcher/MODLAUNCHER]: ModLauncher running: args [--launchTarget, neoforgeclientdev, --version, 21.8.47, --assetIndex, 26, --assetsDir, C:\\Users\\12232\\.gradle\\caches\\neoformruntime\\assets, --fml.fmlVersion, 9.0.18, --fml.mcVersion, 1.21.8, --fml.neoForgeVersion, 21.8.47, --fml.neoFormVersion, 20250717.133445]
[1910月2025 20:13:27.944] [main/INFO] [cpw.mods.modlauncher.Launcher/MODLAUNCHER]: JVM identified as Azul Systems, Inc. OpenJDK 64-Bit Server VM 21.0.7+6-LTS
[1910月2025 20:13:27.945] [main/INFO] [cpw.mods.modlauncher.Launcher/MODLAUNCHER]: ModLauncher 9.0 starting: java version 21.0.7 by Azul Systems, Inc.; OS Windows 11 arch amd64 version 10.0
[1910月2025 20:13:28.061] [main/INFO] [net.neoforged.fml.loading.ImmediateWindowHandler/]: Loading ImmediateWindowProvider fmlearlywindow
[1910月2025 20:13:28.618] [main/INFO] [mixin/]: SpongePowered MIXIN Subsystem Version=0.8.7 Source=union:/C:/Users/12232/.gradle/caches/modules-2/files-2.1/net.fabricmc/sponge-mixin/0.15.2+mixin.0.8.7/2af2f021d8e02a0220dc27a7a72b4666d66d44ca/sponge-mixin-0.15.2+mixin.0.8.7.jar%23157!/ Service=ModLauncher Env=CLIENT
[1910月2025 20:13:28.839] [fml-loadingscreen/INFO] [net.neoforged.fml.earlydisplay.render.LoadingScreenRenderer/]: GL info: NVIDIA GeForce RTX 4060 Laptop GPU/PCIe/SSE2 GL version 3.2.0 NVIDIA 572.83, NVIDIA Corporation
[1910月2025 20:13:29.465] [main/INFO] [net.neoforged.fml.loading.moddiscovery.locators.JarInJarDependencyLocator/]: Found 13 dependencies adding them to mods collection
[1910月2025 20:13:29.468] [main/INFO] [net.neoforged.fml.loading.moddiscovery.ModDiscoverer/]: 
     Mod List:
		Name Version (Mod Id)

		assembly-basic-neoforge1218 1.0-SNAPSHOT (assembly_basic_neoforge1218)
		assembly-neoforge-1218 1.0-SNAPSHOT (assembly_neoforge_1218)
		Kotlin For Forge 5.10.0 (kotlinforforge)
		Minecraft 1.21.8 (minecraft)
		NeoForge 21.8.47 (neoforge)
[1910月2025 20:13:30.416] [main/INFO] [mixin/]: Compatibility level set to JAVA_21
[1910月2025 20:13:30.426] [main/INFO] [cpw.mods.modlauncher.LaunchServiceHandler/MODLAUNCHER]: Launching target 'neoforgeclientdev' with arguments [--version, 21.8.47, --assetsDir, C:\Users\12232\.gradle\caches\neoformruntime\assets, --assetIndex, 26]
[1910月2025 20:13:32.756] [Datafixer Bootstrap/INFO] [com.mojang.datafixers.DataFixerBuilder/]: 272 Datafixer optimizations took 354 milliseconds
[1910月2025 20:13:33.592] [pool-8-thread-1/INFO] [MixinExtras|Service/]: Initializing MixinExtras via com.llamalad7.mixinextras.service.MixinExtrasServiceImpl(version=0.5.0).
[1910月2025 20:13:38.946] [main/WARN] [net.minecraft.commands.Commands/]: Ambiguity between arguments [teleport, location] and [teleport, destination] with inputs: [0.1 -0.5 .9, 0 0 0]
[1910月2025 20:13:38.948] [main/WARN] [net.minecraft.commands.Commands/]: Ambiguity between arguments [teleport, location] and [teleport, targets] with inputs: [0.1 -0.5 .9, 0 0 0]
[1910月2025 20:13:38.951] [main/WARN] [net.minecraft.commands.Commands/]: Ambiguity between arguments [teleport, destination] and [teleport, targets] with inputs: [Player, 0123, @e, dd12be42-52a9-4a91-a8a1-11c01849e498]
[1910月2025 20:13:38.952] [main/WARN] [net.minecraft.commands.Commands/]: Ambiguity between arguments [teleport, targets] and [teleport, destination] with inputs: [Player, 0123, dd12be42-52a9-4a91-a8a1-11c01849e498]
[1910月2025 20:13:38.953] [main/WARN] [net.minecraft.commands.Commands/]: Ambiguity between arguments [teleport, targets, location] and [teleport, targets, destination] with inputs: [0.1 -0.5 .9, 0 0 0]
[1910月2025 20:13:38.954] [main/WARN] [net.minecraft.commands.Commands/]: Ambiguity between arguments [waypoint, modify, waypoint, color, reset] and [waypoint, modify, waypoint, color, color] with inputs: [reset]
[1910月2025 20:13:39.072] [modloading-worker-0/INFO] [net.neoforged.neoforge.common.NeoForgeMod/NEOFORGE-MOD]: NeoForge mod loading, version 21.8.47, for MC 1.21.8
[1910月2025 20:13:39.414] [modloading-worker-0/INFO] [thedarkcolour.kotlinforforge.neoforge.test.KotlinForForge/]: Kotlin For Forge Enabled!
[1910月2025 20:13:39.862] [Render thread/WARN] [net.minecraft.server.packs.VanillaPackResourcesBuilder/]: Assets URL 'union:/D:/冬/project/minecraft/assembly-basic/assembly-basic-neoforge1218/build/moddev/artifacts/neoforge-21.8.47.jar%23212!/assets/.mcassetsroot' uses unexpected schema
[1910月2025 20:13:39.864] [Render thread/WARN] [net.minecraft.server.packs.VanillaPackResourcesBuilder/]: Assets URL 'union:/D:/冬/project/minecraft/assembly-basic/assembly-basic-neoforge1218/build/moddev/artifacts/neoforge-21.8.47.jar%23212!/data/.mcassetsroot' uses unexpected schema
[1910月2025 20:13:39.905] [Render thread/INFO] [com.mojang.authlib.yggdrasil.YggdrasilAuthenticationService/]: Environment: Environment[sessionHost=https://sessionserver.mojang.com, servicesHost=https://api.minecraftservices.com, name=PROD]
[1910月2025 20:13:39.913] [Render thread/INFO] [net.minecraft.client.Minecraft/]: Setting user: Dev
[1910月2025 20:13:40.048] [Render thread/INFO] [net.minecraft.client.Minecraft/]: Backend library: LWJGL version 3.3.3+5
[1910月2025 20:13:40.299] [Render thread/INFO] [net.minecraft.client.Minecraft/]: Using optional rendering extensions: GL_ARB_buffer_storage, GL_KHR_debug, GL_ARB_vertex_attrib_binding, GL_ARB_direct_state_access
[1910月2025 20:13:41.136] [Render thread/INFO] [net.minecraft.server.packs.resources.ReloadableResourceManager/]: Reloading ResourceManager: vanilla, mod_resources, mod/assembly_neoforge_1218, mod/kotlinforforge, mod/assembly_basic_neoforge1218, mod/neoforge
[1910月2025 20:13:41.444] [resourceLoad/INFO] [net.minecraft.client.gui.font.providers.UnihexProvider/]: Found unifont_pua-16.0.03.hex, loading
[1910月2025 20:13:41.444] [resourceLoad/INFO] [net.minecraft.client.gui.font.providers.UnihexProvider/]: Found unifont_all_no_pua-16.0.03.hex, loading
[1910月2025 20:13:41.494] [resourceLoad/INFO] [net.minecraft.client.gui.font.providers.UnihexProvider/]: Found unifont_jp_patch-16.0.03.hex, loading
[1910月2025 20:13:41.668] [resourceLoad/INFO] [assembly_basic_neoforge1218/]: Assembly basic neoforge...
[1910月2025 20:13:41.691] [resourceLoad/INFO] [assembly_neoforge_1218/]: assembly_neoforge_1218...
[1910月2025 20:13:44.386] [Render thread/INFO] [com.mojang.blaze3d.audio.Library/]: OpenAL initialized on device OpenAL Soft on 扬声器 (Realtek(R) Audio)
[1910月2025 20:13:44.387] [Render thread/INFO] [net.minecraft.client.sounds.SoundEngine/SOUNDS]: Sound engine started
[1910月2025 20:13:44.471] [Render thread/INFO] [net.minecraft.client.renderer.texture.TextureAtlas/]: Created: 1024x512x4 minecraft:textures/atlas/blocks.png-atlas
[1910月2025 20:13:44.480] [Render thread/INFO] [net.minecraft.client.renderer.texture.TextureAtlas/]: Created: 256x256x4 minecraft:textures/atlas/signs.png-atlas
[1910月2025 20:13:44.481] [Render thread/INFO] [net.minecraft.client.renderer.texture.TextureAtlas/]: Created: 512x512x4 minecraft:textures/atlas/shield_patterns.png-atlas
[1910月2025 20:13:44.481] [Render thread/INFO] [net.minecraft.client.renderer.texture.TextureAtlas/]: Created: 512x512x4 minecraft:textures/atlas/banner_patterns.png-atlas
[1910月2025 20:13:44.482] [Render thread/INFO] [net.minecraft.client.renderer.texture.TextureAtlas/]: Created: 2048x1024x4 minecraft:textures/atlas/armor_trims.png-atlas
[1910月2025 20:13:44.486] [Render thread/INFO] [net.minecraft.client.renderer.texture.TextureAtlas/]: Created: 256x256x4 minecraft:textures/atlas/chest.png-atlas
[1910月2025 20:13:44.490] [Render thread/INFO] [net.minecraft.client.renderer.texture.TextureAtlas/]: Created: 128x64x4 minecraft:textures/atlas/decorated_pot.png-atlas
[1910月2025 20:13:44.490] [Render thread/INFO] [net.minecraft.client.renderer.texture.TextureAtlas/]: Created: 512x256x4 minecraft:textures/atlas/shulker_boxes.png-atlas
[1910月2025 20:13:44.491] [Render thread/INFO] [net.minecraft.client.renderer.texture.TextureAtlas/]: Created: 512x256x4 minecraft:textures/atlas/beds.png-atlas
[1910月2025 20:13:44.493] [Render thread/INFO] [net.minecraft.client.renderer.texture.TextureAtlas/]: Created: 64x64x0 minecraft:textures/atlas/map_decorations.png-atlas
[1910月2025 20:13:44.495] [Render thread/INFO] [net.neoforged.neoforge.client.entity.animation.json.AnimationLoader/]: Loaded 0 entity animations
[1910月2025 20:13:44.671] [Render thread/INFO] [net.minecraft.client.renderer.texture.TextureAtlas/]: Created: 512x256x0 minecraft:textures/atlas/particles.png-atlas
[1910月2025 20:13:44.672] [Render thread/INFO] [net.minecraft.client.renderer.texture.TextureAtlas/]: Created: 512x256x0 minecraft:textures/atlas/paintings.png-atlas
[1910月2025 20:13:44.673] [Render thread/INFO] [net.minecraft.client.renderer.texture.TextureAtlas/]: Created: 1024x512x0 minecraft:textures/atlas/gui.png-atlas
[1910月2025 20:13:50.243] [Render thread/INFO] [net.minecraft.client.gui.screens.ConnectScreen/]: Connecting to 0, 25565
[1910月2025 20:13:50.395] [Netty Client IO #1/WARN] [net.neoforged.fml.config.ConfigTracker/]: Overwriting non-null config LoadedConfig[config=SynchronizedConfig{DataHolder:{removeErroringBlockEntities=false, removeErroringEntities=false, fullBoundingBoxLadders=false, permissionHandler=neoforge:default_handler, advertiseDedicatedServerToLan=true}}, path=null, modConfig=net.neoforged.fml.config.ModConfig@753225b3] at path neoforge-server.toml with default server config
[1910月2025 20:13:50.396] [Render thread/WARN] [net.neoforged.fml.config.ConfigTracker/]: Overwriting non-null config LoadedConfig[config=SynchronizedConfig{DataHolder:{removeErroringBlockEntities=false, removeErroringEntities=false, fullBoundingBoxLadders=false, permissionHandler=neoforge:default_handler, advertiseDedicatedServerToLan=true}}, path=null, modConfig=net.neoforged.fml.config.ModConfig@753225b3] at path neoforge-server.toml with default server config
[1910月2025 20:13:51.113] [Render thread/INFO] [net.minecraft.client.gui.components.ChatComponent/]: [System] [CHAT] Dev加入了游戏
[1910月2025 20:13:51.130] [Render thread/INFO] [net.minecraft.advancements.AdvancementTree/]: Loaded 78 advancements
[1910月2025 20:13:51.272] [Render thread/INFO] [net.minecraft.client.renderer.DynamicUniformStorage/]: Resizing Dynamic Transforms UBO, capacity limit of 2 reached during a single frame. New capacity will be 4.
[1910月2025 20:13:51.428] [Render thread/INFO] [net.minecraft.client.renderer.DynamicUniformStorage/]: Resizing Dynamic Transforms UBO, capacity limit of 4 reached during a single frame. New capacity will be 8.
[1910月2025 20:13:51.590] [Render thread/INFO] [net.minecraft.client.renderer.DynamicUniformStorage/]: Resizing Dynamic Transforms UBO, capacity limit of 8 reached during a single frame. New capacity will be 16.
[1910月2025 20:13:51.804] [Render thread/INFO] [net.minecraft.client.renderer.DynamicUniformStorage/]: Resizing Dynamic Transforms UBO, capacity limit of 16 reached during a single frame. New capacity will be 32.
[1910月2025 20:13:51.824] [Render thread/INFO] [net.minecraft.client.renderer.DynamicUniformStorage/]: Resizing Dynamic Transforms UBO, capacity limit of 32 reached during a single frame. New capacity will be 64.
[1910月2025 20:13:52.194] [Render thread/INFO] [net.minecraft.client.renderer.DynamicUniformStorage/]: Resizing Dynamic Transforms UBO, capacity limit of 64 reached during a single frame. New capacity will be 128.
[1910月2025 20:13:53.034] [Render thread/INFO] [net.minecraft.client.renderer.DynamicUniformStorage/]: Resizing Dynamic Transforms UBO, capacity limit of 128 reached during a single frame. New capacity will be 256.
[1910月2025 20:13:55.599] [Render thread/INFO] [net.minecraft.client.renderer.DynamicUniformStorage/]: Resizing Dynamic Transforms UBO, capacity limit of 256 reached during a single frame. New capacity will be 512.
[1910月2025 20:14:04.022] [Netty Client IO #1/ERROR] [net.minecraft.network.Connection/]: Exception caught in connection
java.net.SocketException: Connection reset
	at java.base/sun.nio.ch.SocketChannelImpl.throwConnectionReset(SocketChannelImpl.java:401) ~[?:?]
	at java.base/sun.nio.ch.SocketChannelImpl.read(SocketChannelImpl.java:434) ~[?:?]
	at MC-BOOTSTRAP/io.netty.buffer@4.1.118.Final/io.netty.buffer.PooledByteBuf.setBytes(PooledByteBuf.java:255) ~[netty-buffer-4.1.118.Final.jar%23148!/:4.1.118.Final]
	at MC-BOOTSTRAP/io.netty.buffer@4.1.118.Final/io.netty.buffer.AbstractByteBuf.writeBytes(AbstractByteBuf.java:1132) ~[netty-buffer-4.1.118.Final.jar%23148!/:4.1.118.Final]
	at MC-BOOTSTRAP/io.netty.transport@4.1.118.Final/io.netty.channel.socket.nio.NioSocketChannel.doReadBytes(NioSocketChannel.java:356) ~[netty-transport-4.1.118.Final.jar%23155!/:4.1.118.Final]
	at MC-BOOTSTRAP/io.netty.transport@4.1.118.Final/io.netty.channel.nio.AbstractNioByteChannel$NioByteUnsafe.read(AbstractNioByteChannel.java:151) ~[netty-transport-4.1.118.Final.jar%23155!/:4.1.118.Final]
	at MC-BOOTSTRAP/io.netty.transport@4.1.118.Final/io.netty.channel.nio.NioEventLoop.processSelectedKey(NioEventLoop.java:796) ~[netty-transport-4.1.118.Final.jar%23155!/:4.1.118.Final]
	at MC-BOOTSTRAP/io.netty.transport@4.1.118.Final/io.netty.channel.nio.NioEventLoop.processSelectedKeysOptimized(NioEventLoop.java:732) ~[netty-transport-4.1.118.Final.jar%23155!/:4.1.118.Final]
	at MC-BOOTSTRAP/io.netty.transport@4.1.118.Final/io.netty.channel.nio.NioEventLoop.processSelectedKeys(NioEventLoop.java:658) ~[netty-transport-4.1.118.Final.jar%23155!/:4.1.118.Final]
	at MC-BOOTSTRAP/io.netty.transport@4.1.118.Final/io.netty.channel.nio.NioEventLoop.run(NioEventLoop.java:562) ~[netty-transport-4.1.118.Final.jar%23155!/:4.1.118.Final]
	at MC-BOOTSTRAP/io.netty.common@4.1.118.Final/io.netty.util.concurrent.SingleThreadEventExecutor$4.run(SingleThreadEventExecutor.java:998) ~[netty-common-4.1.118.Final.jar%23150!/:4.1.118.Final]
	at MC-BOOTSTRAP/io.netty.common@4.1.118.Final/io.netty.util.internal.ThreadExecutorMap$2.run(ThreadExecutorMap.java:74) ~[netty-common-4.1.118.Final.jar%23150!/:4.1.118.Final]
	at java.base/java.lang.Thread.run(Thread.java:1583) [?:?]
[1910月2025 20:14:04.106] [Netty Client IO #1/ERROR] [net.minecraft.CrashReport/]: Negative index in crash report handler (13/21)
[1910月2025 20:14:04.119] [Netty Client IO #1/FATAL] [net.neoforged.neoforge.common.NeoForgeMod/]: Preparing crash report with UUID a23e643e-dfda-4215-910e-bfd9a7b4a0cf
[1910月2025 20:14:04.184] [Render thread/WARN] [net.minecraft.client.multiplayer.ClientCommonPacketListenerImpl/]: Client disconnected with reason: Internal Exception: java.net.SocketException: Connection reset
[1910月2025 20:14:05.832] [Render thread/INFO] [net.minecraft.client.Minecraft/]: Stopping!
